
> @repo/web@0.0.1 build C:\Users\adria\Desktop\Coding\pokemon-tcg\apps\web
> next build

   ▲ Next.js 15.1.6
   - Environments: .env
   - Experiments (use with caution):
     · typedRoutes

   Creating an optimized production build ...
 ✓ Compiled successfully
   Linting and checking validity of types ...
   Collecting page data ...
   Generating static pages (0/9) ...
 ⨯ useSearchParams() should be wrapped in a suspense boundary at page "/404". Read more: https://nextjs.org/docs/messages/missing-suspense-with-csr-bailout
    at i (C:\Users\adria\Desktop\Coding\pokemon-tcg\apps\web\.next\server\chunks\90.js:1:6603)
    at d (C:\Users\adria\Desktop\Coding\pokemon-tcg\apps\web\.next\server\chunks\90.js:1:23185)
    at N (C:\Users\adria\Desktop\Coding\pokemon-tcg\apps\web\.next\server\chunks\197.js:1:2866)
    at nO (C:\Users\adria\Desktop\Coding\pokemon-tcg\node_modules\.pnpm\next@15.1.6_@babel+core@7.2_2967cdc62e3eab75ce8fe8539c06ee2b\node_modules\next\dist\compiled\next-server\app-page.runtime.prod.js:20:45959)
    at nI (C:\Users\adria\Desktop\Coding\pokemon-tcg\node_modules\.pnpm\next@15.1.6_@babel+core@7.2_2967cdc62e3eab75ce8fe8539c06ee2b\node_modules\next\dist\compiled\next-server\app-page.runtime.prod.js:20:47734)
    at nI (C:\Users\adria\Desktop\Coding\pokemon-tcg\node_modules\.pnpm\next@15.1.6_@babel+core@7.2_2967cdc62e3eab75ce8fe8539c06ee2b\node_modules\next\dist\compiled\next-server\app-page.runtime.prod.js:20:62515)
    at nL (C:\Users\adria\Desktop\Coding\pokemon-tcg\node_modules\.pnpm\next@15.1.6_@babel+core@7.2_2967cdc62e3eab75ce8fe8539c06ee2b\node_modules\next\dist\compiled\next-server\app-page.runtime.prod.js:20:65533)
    at nN (C:\Users\adria\Desktop\Coding\pokemon-tcg\node_modules\.pnpm\next@15.1.6_@babel+core@7.2_2967cdc62e3eab75ce8fe8539c06ee2b\node_modules\next\dist\compiled\next-server\app-page.runtime.prod.js:20:63164)
    at nB (C:\Users\adria\Desktop\Coding\pokemon-tcg\node_modules\.pnpm\next@15.1.6_@babel+core@7.2_2967cdc62e3eab75ce8fe8539c06ee2b\node_modules\next\dist\compiled\next-server\app-page.runtime.prod.js:20:68946)
    at nD (C:\Users\adria\Desktop\Coding\pokemon-tcg\node_modules\.pnpm\next@15.1.6_@babel+core@7.2_2967cdc62e3eab75ce8fe8539c06ee2b\node_modules\next\dist\compiled\next-server\app-page.runtime.prod.js:20:67647)
Error occurred prerendering page "/_not-found". Read more: https://nextjs.org/docs/messages/prerender-error
Export encountered an error on /_not-found/page: /_not-found, exiting the build.
 ⨯ Static worker exited with code: 1 and signal: null
 ELIFECYCLE  Command failed with exit code 1.
